<?xml version="1.0" encoding="UTF-8"?>
<Site BuildName="Win32-mingw32-make"
	BuildStamp="20231015-1855-Experimental"
	Name="InspiroTheDragon"
	Generator="ctest-3.27.4"
	CompilerName="C:/mingw64/bin/g++.exe"
	CompilerVersion="11.2.0"
	OSName="Windows"
	Hostname="InspiroTheDragon"
	OSRelease=" Personal"
	OSVersion=" (Build 22621)"
	OSPlatform="AMD64"
	Is64Bits="1"
	VendorString="GenuineIntel"
	VendorID="Intel Corporation"
	FamilyID="6"
	ModelID="13"
	ProcessorCacheSize="-1"
	NumberOfLogicalCPU="16"
	NumberOfPhysicalCPU="8"
	TotalVirtualMemory="19834"
	TotalPhysicalMemory="16122"
	LogicalProcessorsPerPhysical="2"
	ProcessorClockFrequency="2304"
	>
	<Testing>
		<StartDateTime>Oct 15 21:04 Mitteleuropäische Sommerzeit</StartDateTime>
		<StartTestTime>1697396693</StartTestTime>
		<TestList/>
		<EndDateTime>Oct 15 21:04 Mitteleuropäische Sommerzeit</EndDateTime>
		<EndTestTime>1697396693</EndTestTime>
		<ElapsedMinutes>0</ElapsedMinutes>
	</Testing>
</Site>
